<?xml version="1.0" encoding="UTF-8"?>
<testsuite xmlns:xsi="http://www.w3.org/2001/XMLSchema-instance" xsi:noNamespaceSchemaLocation="https://maven.apache.org/surefire/maven-surefire-plugin/xsd/surefire-test-report-3.0.xsd" version="3.0" name="VendedorEnPracticasTest" time="0.016" tests="5" errors="0" skipped="0" failures="0">
  <properties>
[...]
</properties>
  <testcase name="testSetC" classname="VendedorEnPracticasTest" time="0.002"/>
  <testcase name="testSetT" classname="VendedorEnPracticasTest" time="0.003"/>
  <testcase name="testAnhadeVenta" classname="VendedorEnPracticasTest" time="0.002"/>
  <testcase name="testEquals" classname="VendedorEnPracticasTest" time="0.002"/>
  <testcase name="testConstructor" classname="VendedorEnPracticasTest" time="0.001"/>
</testsuite>